<?xml version="1.0" encoding="UTF-8"?>
<!-- Generated by org.testng.reporters.JUnitReportReporter -->
<testsuite hostname="PE-HO-275" failures="0" tests="1" name="Run.EjemploTestNG" time="12.608" errors="0" timestamp="2022-09-07T08:58:48 COT" skipped="0">
  <testcase classname="Run.EjemploTestNG" name="Ingresar_Direccion" time="12.608"/>
  <system-out/>
</testsuite> <!-- Run.EjemploTestNG -->
